<<<<<<< HEAD
<<<<<<< HEAD
<<<<<<< HEAD
﻿  End_Game.cpp
E:\bobby\Documents\GitKraken\Snake\Snake\End_Game.cpp(4,6): error C2065: 'st': undeclared identifier
E:\bobby\Documents\GitKraken\Snake\Snake\End_Game.cpp(4,17): error C2065: 'MS': undeclared identifier
E:\bobby\Documents\GitKraken\Snake\Snake\End_Game.cpp(5,3): error C2065: 'st': undeclared identifier
E:\bobby\Documents\GitKraken\Snake\Snake\End_Game.cpp(6,3): error C2065: 'st': undeclared identifier
E:\bobby\Documents\GitKraken\Snake\Snake\End_Game.cpp(7,3): error C2065: 'st': undeclared identifier
  main.cpp
  move_snake.cpp
  screen.cpp
E:\bobby\Documents\GitKraken\Snake\Snake\screen.cpp(55,16): warning C4244: 'initializing': conversion from 'int' to 'float', possible loss of data
E:\bobby\Documents\GitKraken\Snake\Snake\screen.cpp(56,16): warning C4244: 'initializing': conversion from 'int' to 'float', possible loss of data
E:\bobby\Documents\GitKraken\Snake\Snake\screen.cpp(60,25): warning C4244: 'argument': conversion from 'float' to 'int', possible loss of data
E:\bobby\Documents\GitKraken\Snake\Snake\screen.cpp(60,19): warning C4244: 'argument': conversion from 'float' to 'int', possible loss of data
  yellow_box.cpp
  Generating Code...
=======
﻿  move_snake.cpp
=======
﻿  main.cpp
  screen.cpp
E:\bobby\Documents\GitKraken\Snake\Snake\screen.cpp(298,17): warning C4552: '>': result of expression not used
E:\bobby\Documents\GitKraken\Snake\Snake\screen.cpp(337,17): warning C4552: '>': result of expression not used
E:\bobby\Documents\GitKraken\Snake\Snake\screen.cpp(376,17): warning C4552: '>': result of expression not used
E:\bobby\Documents\GitKraken\Snake\Snake\screen.cpp(422,16): warning C4244: 'initializing': conversion from 'int' to 'float', possible loss of data
E:\bobby\Documents\GitKraken\Snake\Snake\screen.cpp(423,16): warning C4244: 'initializing': conversion from 'int' to 'float', possible loss of data
E:\bobby\Documents\GitKraken\Snake\Snake\screen.cpp(427,25): warning C4244: 'argument': conversion from 'float' to 'int', possible loss of data
E:\bobby\Documents\GitKraken\Snake\Snake\screen.cpp(427,19): warning C4244: 'argument': conversion from 'float' to 'int', possible loss of data
  Generating Code...
E:\bobby\Documents\GitKraken\Snake\Snake\screen.cpp(451): warning C4715: 'screen::GetTileColor': not all control paths return a value
>>>>>>> parent of 560d6e4... actually finished and done
=======
﻿  move_snake.cpp
>>>>>>> parent of 6d91a21... simplify
  Snake.vcxproj -> E:\bobby\Documents\GitKraken\Snake\x64\Debug\Snake.exe
>>>>>>> parent of 6d91a21... simplify
